<?xml version="1.0" encoding="UTF-8"?>
<testsuite name="edu.vanderbilt.cs.streams.StreamUtilsTest" tests="2" skipped="0" failures="0" errors="0" timestamp="2024-06-18T17:05:32" hostname="ULTRONHEART" time="0.02">
  <properties/>
  <testcase name="testSlidingWindow()" classname="edu.vanderbilt.cs.streams.StreamUtilsTest" time="0.018"/>
  <testcase name="testAverageOfProperty()" classname="edu.vanderbilt.cs.streams.StreamUtilsTest" time="0.001"/>
  <system-out><![CDATA[]]></system-out>
  <system-err><![CDATA[]]></system-err>
</testsuite>
